{"/Users/nirmeshrastogi/learn-create/linked-list/LinkedList.js": {"path":"/Users/nirmeshrastogi/learn-create/linked-list/LinkedList.js","statementMap":{"0":{"start":{"line":4,"column":8},"end":{"line":4,"column":22}},"1":{"start":{"line":5,"column":8},"end":{"line":5,"column":21}},"2":{"start":{"line":9,"column":24},"end":{"line":9,"column":58}},"3":{"start":{"line":10,"column":8},"end":{"line":10,"column":28}},"4":{"start":{"line":11,"column":8},"end":{"line":11,"column":22}},"5":{"start":{"line":16,"column":8},"end":{"line":18,"column":9}},"6":{"start":{"line":17,"column":12},"end":{"line":17,"column":23}},"7":{"start":{"line":19,"column":23},"end":{"line":19,"column":32}},"8":{"start":{"line":20,"column":8},"end":{"line":22,"column":9}},"9":{"start":{"line":20,"column":18},"end":{"line":20,"column":19}},"10":{"start":{"line":21,"column":12},"end":{"line":21,"column":35}},"11":{"start":{"line":23,"column":8},"end":{"line":23,"column":23}},"12":{"start":{"line":27,"column":0},"end":{"line":33,"column":1}},"13":{"start":{"line":28,"column":15},"end":{"line":28,"column":31}},"14":{"start":{"line":29,"column":4},"end":{"line":31,"column":5}},"15":{"start":{"line":29,"column":14},"end":{"line":29,"column":29}},"16":{"start":{"line":30,"column":8},"end":{"line":30,"column":35}},"17":{"start":{"line":32,"column":4},"end":{"line":32,"column":14}},"18":{"start":{"line":37,"column":8},"end":{"line":37,"column":25}},"19":{"start":{"line":38,"column":8},"end":{"line":38,"column":23}},"20":{"start":{"line":42,"column":0},"end":{"line":42,"column":25}}},"fnMap":{"0":{"name":"(anonymous_0)","decl":{"start":{"line":3,"column":4},"end":{"line":3,"column":5}},"loc":{"start":{"line":3,"column":17},"end":{"line":6,"column":5}},"line":3},"1":{"name":"(anonymous_1)","decl":{"start":{"line":8,"column":4},"end":{"line":8,"column":5}},"loc":{"start":{"line":8,"column":22},"end":{"line":13,"column":5}},"line":8},"2":{"name":"(anonymous_2)","decl":{"start":{"line":15,"column":4},"end":{"line":15,"column":5}},"loc":{"start":{"line":15,"column":21},"end":{"line":24,"column":5}},"line":15},"3":{"name":"(anonymous_3)","decl":{"start":{"line":27,"column":24},"end":{"line":27,"column":25}},"loc":{"start":{"line":27,"column":43},"end":{"line":33,"column":1}},"line":27},"4":{"name":"(anonymous_4)","decl":{"start":{"line":36,"column":4},"end":{"line":36,"column":5}},"loc":{"start":{"line":36,"column":27},"end":{"line":39,"column":5}},"line":36}},"branchMap":{"0":{"loc":{"start":{"line":16,"column":8},"end":{"line":18,"column":9}},"type":"if","locations":[{"start":{"line":16,"column":8},"end":{"line":18,"column":9}},{"start":{"line":16,"column":8},"end":{"line":18,"column":9}}],"line":16},"1":{"loc":{"start":{"line":16,"column":11},"end":{"line":16,"column":39}},"type":"binary-expr","locations":[{"start":{"line":16,"column":11},"end":{"line":16,"column":18}},{"start":{"line":16,"column":22},"end":{"line":16,"column":39}}],"line":16}},"s":{"0":3,"1":3,"2":8,"3":8,"4":8,"5":2,"6":1,"7":1,"8":1,"9":1,"10":2,"11":1,"12":1,"13":2,"14":2,"15":2,"16":6,"17":2,"18":8,"19":8,"20":1},"f":{"0":3,"1":8,"2":2,"3":2,"4":8},"b":{"0":[1,1],"1":[2,1]},"_coverageSchema":"1a1c01bbd47fc00a2c39e90264f33305004495a9","hash":"cfa957cb99e24617e910bb9962e7603cc54585b7"}
}
